<?xml version="1.0" encoding="UTF-8"?>
<!-- Generated by org.testng.reporters.JUnitXMLReporter -->
<testsuite ignored="0" hostname="Shikhas-MacBook-Pro.local" failures="0" tests="5" name="IT" time="23.068" errors="0" timestamp="2020-02-23T13:11:32 EST">
  <testcase classname="Test.Testdata" name="HOME" time="2.004"/>
  <testcase classname="Test.Testdata" name="LOGIN" time="0.579"/>
  <testcase classname="Test.Testdata" name="f" time="5.005"/>
  <testcase classname="Test.Testdata" name="f" time="4.572"/>
  <testcase classname="Test.Testdata" name="f" time="4.519"/>
</testsuite> <!-- IT -->
