<?xml version="1.0" encoding="UTF-8"?>
<!-- Generated by org.testng.reporters.JUnitXMLReporter -->
<testsuite ignored="0" hostname="Shikhas-MacBook-Pro.local" failures="0" tests="5" name="Practice" time="25.694" errors="0" timestamp="2020-02-23T13:11:09 EST">
  <testcase classname="Test.Testdata" name="HOME" time="2.672"/>
  <testcase classname="Test.Testdata" name="LOGIN" time="1.242"/>
  <testcase classname="Test.Testdata" name="f" time="5.417"/>
  <testcase classname="Test.Testdata" name="f" time="4.782"/>
  <testcase classname="Test.Testdata" name="f" time="4.569"/>
</testsuite> <!-- Practice -->
