<?xml version="1.0" encoding="UTF-8"?>
<testng-results ignored="0" total="10" passed="10" failed="0" skipped="0">
  <reporter-output>
  </reporter-output>
  <suite started-at="2020-02-23T13:10:43 EST" name="Test1" finished-at="2020-02-23T13:11:32 EST" duration-ms="48777">
    <groups>
    </groups>
    <test started-at="2020-02-23T13:10:43 EST" name="Practice" finished-at="2020-02-23T13:11:09 EST" duration-ms="25694">
      <class name="Test.Testdata">
        <test-method is-config="true" signature="beforeClass(java.lang.String, java.lang.String)[pri:0, instance:Test.Testdata@7920ba90]" started-at="2020-02-23T13:10:43 EST" name="beforeClass" finished-at="2020-02-23T13:10:47 EST" duration-ms="3836" status="PASS">
          <params>
            <param index="0">
              <value>
                <![CDATA[http://amazon.com]]>
              </value>
            </param>
            <param index="1">
              <value>
                <![CDATA[chrome]]>
              </value>
            </param>
          </params>
          <reporter-output>
          </reporter-output>
        </test-method> <!-- beforeClass -->
        <test-method signature="HOME()[pri:1, instance:Test.Testdata@7920ba90]" started-at="2020-02-23T13:10:47 EST" name="HOME" finished-at="2020-02-23T13:10:50 EST" duration-ms="2672" status="PASS">
          <reporter-output>
          </reporter-output>
        </test-method> <!-- HOME -->
        <test-method signature="LOGIN()[pri:2, instance:Test.Testdata@7920ba90]" started-at="2020-02-23T13:10:51 EST" name="LOGIN" finished-at="2020-02-23T13:10:52 EST" duration-ms="1242" status="PASS">
          <reporter-output>
          </reporter-output>
        </test-method> <!-- LOGIN -->
        <test-method signature="f(java.lang.String, java.lang.String)[pri:3, instance:Test.Testdata@7920ba90]" started-at="2020-02-23T13:10:53 EST" name="f" data-provider="signin" finished-at="2020-02-23T13:10:58 EST" duration-ms="5417" status="PASS">
          <params>
            <param index="0">
              <value>
                <![CDATA[sumit@gmail.com]]>
              </value>
            </param>
            <param index="1">
              <value>
                <![CDATA[a]]>
              </value>
            </param>
          </params>
          <reporter-output>
          </reporter-output>
        </test-method> <!-- f -->
        <test-method signature="f(java.lang.String, java.lang.String)[pri:3, instance:Test.Testdata@7920ba90]" started-at="2020-02-23T13:10:59 EST" name="f" data-provider="signin" finished-at="2020-02-23T13:11:03 EST" duration-ms="4782" status="PASS">
          <params>
            <param index="0">
              <value>
                <![CDATA[sminocha10@gmail.com]]>
              </value>
            </param>
            <param index="1">
              <value>
                <![CDATA[b]]>
              </value>
            </param>
          </params>
          <reporter-output>
          </reporter-output>
        </test-method> <!-- f -->
        <test-method signature="f(java.lang.String, java.lang.String)[pri:3, instance:Test.Testdata@7920ba90]" started-at="2020-02-23T13:11:04 EST" name="f" data-provider="signin" finished-at="2020-02-23T13:11:08 EST" duration-ms="4569" status="PASS">
          <params>
            <param index="0">
              <value>
                <![CDATA[empty10@gmail.com]]>
              </value>
            </param>
            <param index="1">
              <value>
                <![CDATA[c]]>
              </value>
            </param>
          </params>
          <reporter-output>
          </reporter-output>
        </test-method> <!-- f -->
        <test-method is-config="true" signature="afterClass()[pri:0, instance:Test.Testdata@7920ba90]" started-at="2020-02-23T13:11:09 EST" name="afterClass" finished-at="2020-02-23T13:11:09 EST" duration-ms="411" status="PASS">
          <reporter-output>
          </reporter-output>
        </test-method> <!-- afterClass -->
      </class> <!-- Test.Testdata -->
    </test> <!-- Practice -->
    <test started-at="2020-02-23T13:11:09 EST" name="IT" finished-at="2020-02-23T13:11:32 EST" duration-ms="23068">
      <class name="Test.Testdata">
        <test-method is-config="true" signature="beforeClass(java.lang.String, java.lang.String)[pri:0, instance:Test.Testdata@78047b92]" started-at="2020-02-23T13:11:09 EST" name="beforeClass" finished-at="2020-02-23T13:11:14 EST" duration-ms="5007" status="PASS">
          <params>
            <param index="0">
              <value>
                <![CDATA[http://amazon.com]]>
              </value>
            </param>
            <param index="1">
              <value>
                <![CDATA[firefox]]>
              </value>
            </param>
          </params>
          <reporter-output>
          </reporter-output>
        </test-method> <!-- beforeClass -->
        <test-method signature="HOME()[pri:1, instance:Test.Testdata@78047b92]" started-at="2020-02-23T13:11:14 EST" name="HOME" finished-at="2020-02-23T13:11:16 EST" duration-ms="2004" status="PASS">
          <reporter-output>
          </reporter-output>
        </test-method> <!-- HOME -->
        <test-method signature="LOGIN()[pri:2, instance:Test.Testdata@78047b92]" started-at="2020-02-23T13:11:17 EST" name="LOGIN" finished-at="2020-02-23T13:11:17 EST" duration-ms="579" status="PASS">
          <reporter-output>
          </reporter-output>
        </test-method> <!-- LOGIN -->
        <test-method signature="f(java.lang.String, java.lang.String)[pri:3, instance:Test.Testdata@78047b92]" started-at="2020-02-23T13:11:18 EST" name="f" data-provider="signin" finished-at="2020-02-23T13:11:23 EST" duration-ms="5005" status="PASS">
          <params>
            <param index="0">
              <value>
                <![CDATA[sumit@gmail.com]]>
              </value>
            </param>
            <param index="1">
              <value>
                <![CDATA[a]]>
              </value>
            </param>
          </params>
          <reporter-output>
          </reporter-output>
        </test-method> <!-- f -->
        <test-method signature="f(java.lang.String, java.lang.String)[pri:3, instance:Test.Testdata@78047b92]" started-at="2020-02-23T13:11:23 EST" name="f" data-provider="signin" finished-at="2020-02-23T13:11:27 EST" duration-ms="4572" status="PASS">
          <params>
            <param index="0">
              <value>
                <![CDATA[sminocha10@gmail.com]]>
              </value>
            </param>
            <param index="1">
              <value>
                <![CDATA[b]]>
              </value>
            </param>
          </params>
          <reporter-output>
          </reporter-output>
        </test-method> <!-- f -->
        <test-method signature="f(java.lang.String, java.lang.String)[pri:3, instance:Test.Testdata@78047b92]" started-at="2020-02-23T13:11:27 EST" name="f" data-provider="signin" finished-at="2020-02-23T13:11:32 EST" duration-ms="4519" status="PASS">
          <params>
            <param index="0">
              <value>
                <![CDATA[empty10@gmail.com]]>
              </value>
            </param>
            <param index="1">
              <value>
                <![CDATA[c]]>
              </value>
            </param>
          </params>
          <reporter-output>
          </reporter-output>
        </test-method> <!-- f -->
        <test-method is-config="true" signature="afterClass()[pri:0, instance:Test.Testdata@78047b92]" started-at="2020-02-23T13:11:32 EST" name="afterClass" finished-at="2020-02-23T13:11:32 EST" duration-ms="140" status="PASS">
          <reporter-output>
          </reporter-output>
        </test-method> <!-- afterClass -->
      </class> <!-- Test.Testdata -->
    </test> <!-- IT -->
  </suite> <!-- Test1 -->
</testng-results>
